<?xml version="1.0" encoding="UTF-8"?>
<testng-results ignored="0" total="1" passed="1" failed="0" skipped="0">
  <reporter-output>
  </reporter-output>
  <suite started-at="2026-02-04T22:46:05 IST" name="Selenium OpenCart Suite" finished-at="2026-02-04T22:46:16 IST" duration-ms="10537">
    <groups>
    </groups>
    <test started-at="2026-02-04T22:46:05 IST" name="Login Tests" finished-at="2026-02-04T22:46:16 IST" duration-ms="10537">
      <class name="tests.LoginTest">
        <test-method is-config="true" signature="setup()[pri:0, instance:tests.LoginTest@5d9b7a8a]" started-at="2026-02-04T22:46:05 IST" name="setup" finished-at="2026-02-04T22:46:10 IST" duration-ms="4801" status="PASS">
          <reporter-output>
          </reporter-output>
        </test-method> <!-- setup -->
        <test-method signature="testValidLogin()[pri:0, instance:tests.LoginTest@5d9b7a8a]" started-at="2026-02-04T22:46:10 IST" name="testValidLogin" finished-at="2026-02-04T22:46:15 IST" duration-ms="5446" status="PASS">
          <reporter-output>
          </reporter-output>
        </test-method> <!-- testValidLogin -->
        <test-method is-config="true" signature="teardown()[pri:0, instance:tests.LoginTest@5d9b7a8a]" started-at="2026-02-04T22:46:15 IST" name="teardown" finished-at="2026-02-04T22:46:16 IST" duration-ms="233" status="PASS">
          <reporter-output>
          </reporter-output>
        </test-method> <!-- teardown -->
      </class> <!-- tests.LoginTest -->
    </test> <!-- Login Tests -->
  </suite> <!-- Selenium OpenCart Suite -->
</testng-results>
